[2020-08-21 21:44:41] production.INFO: Validating message {class} with {validator} {"message":{"Api\\Application\\Example\\Queries\\GetAllQuery\\GetAllExamplesQuery":{"id":1,"idPrefixed":"prefix_1"}},"class":"Api\\Application\\Example\\Queries\\GetAllQuery\\GetAllExamplesQuery","validator":"Api\\Application\\Example\\Queries\\GetAllQuery\\GetAllExamplesQueryValidator"} 
[2020-08-21 21:44:41] production.INFO: Validating message {class} with {validator} {"message":{"Api\\Application\\Example\\Queries\\GetAllQuery\\GetAllExamplesQuery":{"id":1,"idPrefixed":"prefix_1"}},"class":"Api\\Application\\Example\\Queries\\GetAllQuery\\GetAllExamplesQuery","validator":"Api\\Application\\Example\\Queries\\GetAllQuery\\GetAllExamplesQueryValidatorBound"} 
[2020-08-21 21:44:41] production.ERROR: Doctrine\ORM\Mapping\MappingException: Class "Api\Domain\Models\Example" is not a valid entity or mapped super class. in /home/petermein/Workspace/api.boilerplate/vendor/doctrine/orm/lib/Doctrine/ORM/Mapping/MappingException.php:346
Stack trace:
#0 /home/petermein/Workspace/api.boilerplate/vendor/doctrine/orm/lib/Doctrine/ORM/Mapping/Driver/AnnotationDriver.php(94): Doctrine\ORM\Mapping\MappingException::classIsNotAValidEntityOrMappedSuperClass()
#1 /home/petermein/Workspace/api.boilerplate/vendor/doctrine/persistence/lib/Doctrine/Persistence/Mapping/Driver/MappingDriverChain.php(86): Doctrine\ORM\Mapping\Driver\AnnotationDriver->loadMetadataForClass()
#2 /home/petermein/Workspace/api.boilerplate/vendor/doctrine/orm/lib/Doctrine/ORM/Mapping/ClassMetadataFactory.php(154): Doctrine\Persistence\Mapping\Driver\MappingDriverChain->loadMetadataForClass()
#3 /home/petermein/Workspace/api.boilerplate/vendor/doctrine/persistence/lib/Doctrine/Persistence/Mapping/AbstractClassMetadataFactory.php(306): Doctrine\ORM\Mapping\ClassMetadataFactory->doLoadMetadata()
#4 /home/petermein/Workspace/api.boilerplate/vendor/doctrine/orm/lib/Doctrine/ORM/Mapping/ClassMetadataFactory.php(81): Doctrine\Persistence\Mapping\AbstractClassMetadataFactory->loadMetadata()
#5 /home/petermein/Workspace/api.boilerplate/vendor/doctrine/persistence/lib/Doctrine/Persistence/Mapping/AbstractClassMetadataFactory.php(185): Doctrine\ORM\Mapping\ClassMetadataFactory->loadMetadata()
#6 /home/petermein/Workspace/api.boilerplate/vendor/doctrine/orm/lib/Doctrine/ORM/EntityManager.php(287): Doctrine\Persistence\Mapping\AbstractClassMetadataFactory->getMetadataFor()
#7 /home/petermein/Workspace/api.boilerplate/vendor/doctrine/orm/lib/Doctrine/ORM/Repository/DefaultRepositoryFactory.php(45): Doctrine\ORM\EntityManager->getClassMetadata()
#8 /home/petermein/Workspace/api.boilerplate/vendor/doctrine/orm/lib/Doctrine/ORM/EntityManager.php(738): Doctrine\ORM\Repository\DefaultRepositoryFactory->getRepository()
#9 /home/petermein/Workspace/api.boilerplate/src/Infrastructure/Persistence/PersistenceServiceProvider.php(42): Doctrine\ORM\EntityManager->getRepository()
#10 /home/petermein/Workspace/api.boilerplate/vendor/illuminate/container/Container.php(805): Api\Infrastructure\Persistence\PersistenceServiceProvider->Api\Infrastructure\Persistence\{closure}()
#11 /home/petermein/Workspace/api.boilerplate/vendor/illuminate/container/Container.php(691): Illuminate\Container\Container->build()
#12 /home/petermein/Workspace/api.boilerplate/vendor/illuminate/container/Container.php(637): Illuminate\Container\Container->resolve()
#13 /home/petermein/Workspace/api.boilerplate/vendor/laravel/lumen-framework/src/Application.php(300): Illuminate\Container\Container->make()
#14 /home/petermein/Workspace/api.boilerplate/vendor/illuminate/container/Container.php(959): Laravel\Lumen\Application->make()
#15 /home/petermein/Workspace/api.boilerplate/vendor/illuminate/container/Container.php(879): Illuminate\Container\Container->resolveClass()
#16 /home/petermein/Workspace/api.boilerplate/vendor/illuminate/container/Container.php(840): Illuminate\Container\Container->resolveDependencies()
#17 /home/petermein/Workspace/api.boilerplate/vendor/illuminate/container/Container.php(691): Illuminate\Container\Container->build()
#18 /home/petermein/Workspace/api.boilerplate/vendor/illuminate/container/Container.php(637): Illuminate\Container\Container->resolve()
#19 /home/petermein/Workspace/api.boilerplate/vendor/laravel/lumen-framework/src/Application.php(300): Illuminate\Container\Container->make()
#20 /home/petermein/Workspace/api.boilerplate/src/Infrastructure/Bus/Locators/ApplicationHandlerLocator.php(100): Laravel\Lumen\Application->make()
#21 /home/petermein/Workspace/api.boilerplate/src/Infrastructure/Bus/Locators/ApplicationHandlerLocator.php(58): Api\Infrastructure\Bus\Locators\ApplicationHandlerLocator->retrieveHandler()
#22 /home/petermein/Workspace/api.boilerplate/vendor/symfony/messenger/Middleware/HandleMessageMiddleware.php(56): Api\Infrastructure\Bus\Locators\ApplicationHandlerLocator->getHandlers()
#23 /home/petermein/Workspace/api.boilerplate/src/Infrastructure/Bus/Middleware/ValidationMiddleware.php(89): Symfony\Component\Messenger\Middleware\HandleMessageMiddleware->handle()
#24 /home/petermein/Workspace/api.boilerplate/vendor/symfony/messenger/MessageBus.php(80): Api\Infrastructure\Bus\Middleware\ValidationMiddleware->handle()
#25 /home/petermein/Workspace/api.boilerplate/vendor/symfony/messenger/HandleTrait.php(43): Symfony\Component\Messenger\MessageBus->dispatch()
#26 /home/petermein/Workspace/api.boilerplate/src/Infrastructure/Bus/Buses/QueryBus.php(35): Api\Infrastructure\Bus\Buses\QueryBus->handle()
#27 /home/petermein/Workspace/api.boilerplate/src/Presentation/Api/REST/BaseController.php(31): Api\Infrastructure\Bus\Buses\QueryBus->query()
#28 /home/petermein/Workspace/api.boilerplate/src/Presentation/Api/REST/Example/ExampleController.php(40): Api\Presentation\Api\REST\BaseController->query()
#29 [internal function]: Api\Presentation\Api\REST\Example\ExampleController->getAll()
#30 /home/petermein/Workspace/api.boilerplate/vendor/illuminate/container/BoundMethod.php(37): call_user_func_array()
#31 /home/petermein/Workspace/api.boilerplate/vendor/illuminate/container/Util.php(37): Illuminate\Container\BoundMethod::Illuminate\Container\{closure}()
#32 /home/petermein/Workspace/api.boilerplate/vendor/illuminate/container/BoundMethod.php(95): Illuminate\Container\Util::unwrapIfClosure()
#33 /home/petermein/Workspace/api.boilerplate/vendor/illuminate/container/BoundMethod.php(39): Illuminate\Container\BoundMethod::callBoundMethod()
#34 /home/petermein/Workspace/api.boilerplate/vendor/illuminate/container/Container.php(596): Illuminate\Container\BoundMethod::call()
#35 /home/petermein/Workspace/api.boilerplate/vendor/laravel/lumen-framework/src/Concerns/RoutesRequests.php(386): Illuminate\Container\Container->call()
#36 /home/petermein/Workspace/api.boilerplate/vendor/laravel/lumen-framework/src/Concerns/RoutesRequests.php(329): Laravel\Lumen\Application->callControllerCallable()
#37 /home/petermein/Workspace/api.boilerplate/vendor/laravel/lumen-framework/src/Concerns/RoutesRequests.php(279): Laravel\Lumen\Application->callControllerAction()
#38 /home/petermein/Workspace/api.boilerplate/vendor/laravel/lumen-framework/src/Concerns/RoutesRequests.php(259): Laravel\Lumen\Application->callActionOnArrayBasedRoute()
#39 [internal function]: Laravel\Lumen\Application->Laravel\Lumen\Concerns\{closure}()
#40 /home/petermein/Workspace/api.boilerplate/vendor/laravel/lumen-framework/src/Routing/Pipeline.php(48): call_user_func()
#41 /home/petermein/Workspace/api.boilerplate/vendor/beyondcode/laravel-server-timing/src/Middleware/ServerTimingMiddleware.php(36): Laravel\Lumen\Routing\Pipeline->Laravel\Lumen\Routing\{closure}()
#42 /home/petermein/Workspace/api.boilerplate/vendor/illuminate/pipeline/Pipeline.php(167): BeyondCode\ServerTiming\Middleware\ServerTimingMiddleware->handle()
#43 [internal function]: Illuminate\Pipeline\Pipeline->Illuminate\Pipeline\{closure}()
#44 /home/petermein/Workspace/api.boilerplate/vendor/laravel/lumen-framework/src/Routing/Pipeline.php(30): call_user_func()
#45 /home/petermein/Workspace/api.boilerplate/vendor/illuminate/pipeline/Pipeline.php(103): Laravel\Lumen\Routing\Pipeline->Laravel\Lumen\Routing\{closure}()
#46 /home/petermein/Workspace/api.boilerplate/vendor/laravel/lumen-framework/src/Concerns/RoutesRequests.php(423): Illuminate\Pipeline\Pipeline->then()
#47 /home/petermein/Workspace/api.boilerplate/vendor/laravel/lumen-framework/src/Concerns/RoutesRequests.php(260): Laravel\Lumen\Application->sendThroughPipeline()
#48 /home/petermein/Workspace/api.boilerplate/vendor/laravel/lumen-framework/src/Concerns/RoutesRequests.php(166): Laravel\Lumen\Application->handleFoundRoute()
#49 /home/petermein/Workspace/api.boilerplate/vendor/laravel/lumen-framework/src/Concerns/RoutesRequests.php(426): Laravel\Lumen\Application->Laravel\Lumen\Concerns\{closure}()
#50 /home/petermein/Workspace/api.boilerplate/vendor/laravel/lumen-framework/src/Concerns/RoutesRequests.php(172): Laravel\Lumen\Application->sendThroughPipeline()
#51 /home/petermein/Workspace/api.boilerplate/vendor/laravel/lumen-framework/src/Concerns/RoutesRequests.php(109): Laravel\Lumen\Application->dispatch()
#52 /home/petermein/Workspace/api.boilerplate/public/index.php(28): Laravel\Lumen\Application->run()
#53 {main} {"exception":"[object] (Doctrine\\ORM\\Mapping\\MappingException(code: 0): Class \"Api\\Domain\\Models\\Example\" is not a valid entity or mapped super class. at /home/petermein/Workspace/api.boilerplate/vendor/doctrine/orm/lib/Doctrine/ORM/Mapping/MappingException.php:346)
[stacktrace]
#0 /home/petermein/Workspace/api.boilerplate/vendor/doctrine/orm/lib/Doctrine/ORM/Mapping/Driver/AnnotationDriver.php(94): Doctrine\\ORM\\Mapping\\MappingException::classIsNotAValidEntityOrMappedSuperClass()
#1 /home/petermein/Workspace/api.boilerplate/vendor/doctrine/persistence/lib/Doctrine/Persistence/Mapping/Driver/MappingDriverChain.php(86): Doctrine\\ORM\\Mapping\\Driver\\AnnotationDriver->loadMetadataForClass()
#2 /home/petermein/Workspace/api.boilerplate/vendor/doctrine/orm/lib/Doctrine/ORM/Mapping/ClassMetadataFactory.php(154): Doctrine\\Persistence\\Mapping\\Driver\\MappingDriverChain->loadMetadataForClass()
#3 /home/petermein/Workspace/api.boilerplate/vendor/doctrine/persistence/lib/Doctrine/Persistence/Mapping/AbstractClassMetadataFactory.php(306): Doctrine\\ORM\\Mapping\\ClassMetadataFactory->doLoadMetadata()
#4 /home/petermein/Workspace/api.boilerplate/vendor/doctrine/orm/lib/Doctrine/ORM/Mapping/ClassMetadataFactory.php(81): Doctrine\\Persistence\\Mapping\\AbstractClassMetadataFactory->loadMetadata()
#5 /home/petermein/Workspace/api.boilerplate/vendor/doctrine/persistence/lib/Doctrine/Persistence/Mapping/AbstractClassMetadataFactory.php(185): Doctrine\\ORM\\Mapping\\ClassMetadataFactory->loadMetadata()
#6 /home/petermein/Workspace/api.boilerplate/vendor/doctrine/orm/lib/Doctrine/ORM/EntityManager.php(287): Doctrine\\Persistence\\Mapping\\AbstractClassMetadataFactory->getMetadataFor()
#7 /home/petermein/Workspace/api.boilerplate/vendor/doctrine/orm/lib/Doctrine/ORM/Repository/DefaultRepositoryFactory.php(45): Doctrine\\ORM\\EntityManager->getClassMetadata()
#8 /home/petermein/Workspace/api.boilerplate/vendor/doctrine/orm/lib/Doctrine/ORM/EntityManager.php(738): Doctrine\\ORM\\Repository\\DefaultRepositoryFactory->getRepository()
#9 /home/petermein/Workspace/api.boilerplate/src/Infrastructure/Persistence/PersistenceServiceProvider.php(42): Doctrine\\ORM\\EntityManager->getRepository()
#10 /home/petermein/Workspace/api.boilerplate/vendor/illuminate/container/Container.php(805): Api\\Infrastructure\\Persistence\\PersistenceServiceProvider->Api\\Infrastructure\\Persistence\\{closure}()
#11 /home/petermein/Workspace/api.boilerplate/vendor/illuminate/container/Container.php(691): Illuminate\\Container\\Container->build()
#12 /home/petermein/Workspace/api.boilerplate/vendor/illuminate/container/Container.php(637): Illuminate\\Container\\Container->resolve()
#13 /home/petermein/Workspace/api.boilerplate/vendor/laravel/lumen-framework/src/Application.php(300): Illuminate\\Container\\Container->make()
#14 /home/petermein/Workspace/api.boilerplate/vendor/illuminate/container/Container.php(959): Laravel\\Lumen\\Application->make()
#15 /home/petermein/Workspace/api.boilerplate/vendor/illuminate/container/Container.php(879): Illuminate\\Container\\Container->resolveClass()
#16 /home/petermein/Workspace/api.boilerplate/vendor/illuminate/container/Container.php(840): Illuminate\\Container\\Container->resolveDependencies()
#17 /home/petermein/Workspace/api.boilerplate/vendor/illuminate/container/Container.php(691): Illuminate\\Container\\Container->build()
#18 /home/petermein/Workspace/api.boilerplate/vendor/illuminate/container/Container.php(637): Illuminate\\Container\\Container->resolve()
#19 /home/petermein/Workspace/api.boilerplate/vendor/laravel/lumen-framework/src/Application.php(300): Illuminate\\Container\\Container->make()
#20 /home/petermein/Workspace/api.boilerplate/src/Infrastructure/Bus/Locators/ApplicationHandlerLocator.php(100): Laravel\\Lumen\\Application->make()
#21 /home/petermein/Workspace/api.boilerplate/src/Infrastructure/Bus/Locators/ApplicationHandlerLocator.php(58): Api\\Infrastructure\\Bus\\Locators\\ApplicationHandlerLocator->retrieveHandler()
#22 /home/petermein/Workspace/api.boilerplate/vendor/symfony/messenger/Middleware/HandleMessageMiddleware.php(56): Api\\Infrastructure\\Bus\\Locators\\ApplicationHandlerLocator->getHandlers()
#23 /home/petermein/Workspace/api.boilerplate/src/Infrastructure/Bus/Middleware/ValidationMiddleware.php(89): Symfony\\Component\\Messenger\\Middleware\\HandleMessageMiddleware->handle()
#24 /home/petermein/Workspace/api.boilerplate/vendor/symfony/messenger/MessageBus.php(80): Api\\Infrastructure\\Bus\\Middleware\\ValidationMiddleware->handle()
#25 /home/petermein/Workspace/api.boilerplate/vendor/symfony/messenger/HandleTrait.php(43): Symfony\\Component\\Messenger\\MessageBus->dispatch()
#26 /home/petermein/Workspace/api.boilerplate/src/Infrastructure/Bus/Buses/QueryBus.php(35): Api\\Infrastructure\\Bus\\Buses\\QueryBus->handle()
#27 /home/petermein/Workspace/api.boilerplate/src/Presentation/Api/REST/BaseController.php(31): Api\\Infrastructure\\Bus\\Buses\\QueryBus->query()
#28 /home/petermein/Workspace/api.boilerplate/src/Presentation/Api/REST/Example/ExampleController.php(40): Api\\Presentation\\Api\\REST\\BaseController->query()
#29 [internal function]: Api\\Presentation\\Api\\REST\\Example\\ExampleController->getAll()
#30 /home/petermein/Workspace/api.boilerplate/vendor/illuminate/container/BoundMethod.php(37): call_user_func_array()
#31 /home/petermein/Workspace/api.boilerplate/vendor/illuminate/container/Util.php(37): Illuminate\\Container\\BoundMethod::Illuminate\\Container\\{closure}()
#32 /home/petermein/Workspace/api.boilerplate/vendor/illuminate/container/BoundMethod.php(95): Illuminate\\Container\\Util::unwrapIfClosure()
#33 /home/petermein/Workspace/api.boilerplate/vendor/illuminate/container/BoundMethod.php(39): Illuminate\\Container\\BoundMethod::callBoundMethod()
#34 /home/petermein/Workspace/api.boilerplate/vendor/illuminate/container/Container.php(596): Illuminate\\Container\\BoundMethod::call()
#35 /home/petermein/Workspace/api.boilerplate/vendor/laravel/lumen-framework/src/Concerns/RoutesRequests.php(386): Illuminate\\Container\\Container->call()
#36 /home/petermein/Workspace/api.boilerplate/vendor/laravel/lumen-framework/src/Concerns/RoutesRequests.php(329): Laravel\\Lumen\\Application->callControllerCallable()
#37 /home/petermein/Workspace/api.boilerplate/vendor/laravel/lumen-framework/src/Concerns/RoutesRequests.php(279): Laravel\\Lumen\\Application->callControllerAction()
#38 /home/petermein/Workspace/api.boilerplate/vendor/laravel/lumen-framework/src/Concerns/RoutesRequests.php(259): Laravel\\Lumen\\Application->callActionOnArrayBasedRoute()
#39 [internal function]: Laravel\\Lumen\\Application->Laravel\\Lumen\\Concerns\\{closure}()
#40 /home/petermein/Workspace/api.boilerplate/vendor/laravel/lumen-framework/src/Routing/Pipeline.php(48): call_user_func()
#41 /home/petermein/Workspace/api.boilerplate/vendor/beyondcode/laravel-server-timing/src/Middleware/ServerTimingMiddleware.php(36): Laravel\\Lumen\\Routing\\Pipeline->Laravel\\Lumen\\Routing\\{closure}()
#42 /home/petermein/Workspace/api.boilerplate/vendor/illuminate/pipeline/Pipeline.php(167): BeyondCode\\ServerTiming\\Middleware\\ServerTimingMiddleware->handle()
#43 [internal function]: Illuminate\\Pipeline\\Pipeline->Illuminate\\Pipeline\\{closure}()
#44 /home/petermein/Workspace/api.boilerplate/vendor/laravel/lumen-framework/src/Routing/Pipeline.php(30): call_user_func()
#45 /home/petermein/Workspace/api.boilerplate/vendor/illuminate/pipeline/Pipeline.php(103): Laravel\\Lumen\\Routing\\Pipeline->Laravel\\Lumen\\Routing\\{closure}()
#46 /home/petermein/Workspace/api.boilerplate/vendor/laravel/lumen-framework/src/Concerns/RoutesRequests.php(423): Illuminate\\Pipeline\\Pipeline->then()
#47 /home/petermein/Workspace/api.boilerplate/vendor/laravel/lumen-framework/src/Concerns/RoutesRequests.php(260): Laravel\\Lumen\\Application->sendThroughPipeline()
#48 /home/petermein/Workspace/api.boilerplate/vendor/laravel/lumen-framework/src/Concerns/RoutesRequests.php(166): Laravel\\Lumen\\Application->handleFoundRoute()
#49 /home/petermein/Workspace/api.boilerplate/vendor/laravel/lumen-framework/src/Concerns/RoutesRequests.php(426): Laravel\\Lumen\\Application->Laravel\\Lumen\\Concerns\\{closure}()
#50 /home/petermein/Workspace/api.boilerplate/vendor/laravel/lumen-framework/src/Concerns/RoutesRequests.php(172): Laravel\\Lumen\\Application->sendThroughPipeline()
#51 /home/petermein/Workspace/api.boilerplate/vendor/laravel/lumen-framework/src/Concerns/RoutesRequests.php(109): Laravel\\Lumen\\Application->dispatch()
#52 /home/petermein/Workspace/api.boilerplate/public/index.php(28): Laravel\\Lumen\\Application->run()
#53 {main}
"} 
[2020-08-21 21:45:15] production.INFO: Validating message {class} with {validator} {"message":{"Api\\Application\\Example\\Queries\\GetAllQuery\\GetAllExamplesQuery":{"id":1,"idPrefixed":"prefix_1"}},"class":"Api\\Application\\Example\\Queries\\GetAllQuery\\GetAllExamplesQuery","validator":"Api\\Application\\Example\\Queries\\GetAllQuery\\GetAllExamplesQueryValidator"} 
[2020-08-21 21:45:15] production.INFO: Validating message {class} with {validator} {"message":{"Api\\Application\\Example\\Queries\\GetAllQuery\\GetAllExamplesQuery":{"id":1,"idPrefixed":"prefix_1"}},"class":"Api\\Application\\Example\\Queries\\GetAllQuery\\GetAllExamplesQuery","validator":"Api\\Application\\Example\\Queries\\GetAllQuery\\GetAllExamplesQueryValidatorBound"} 
[2020-08-21 21:45:15] production.ERROR: Doctrine\ORM\Mapping\MappingException: Class "Api\Domain\Models\Example" is not a valid entity or mapped super class. in /home/petermein/Workspace/api.boilerplate/vendor/doctrine/orm/lib/Doctrine/ORM/Mapping/MappingException.php:346
Stack trace:
#0 /home/petermein/Workspace/api.boilerplate/vendor/doctrine/orm/lib/Doctrine/ORM/Mapping/Driver/AnnotationDriver.php(94): Doctrine\ORM\Mapping\MappingException::classIsNotAValidEntityOrMappedSuperClass()
#1 /home/petermein/Workspace/api.boilerplate/vendor/doctrine/persistence/lib/Doctrine/Persistence/Mapping/Driver/MappingDriverChain.php(86): Doctrine\ORM\Mapping\Driver\AnnotationDriver->loadMetadataForClass()
#2 /home/petermein/Workspace/api.boilerplate/vendor/doctrine/orm/lib/Doctrine/ORM/Mapping/ClassMetadataFactory.php(154): Doctrine\Persistence\Mapping\Driver\MappingDriverChain->loadMetadataForClass()
#3 /home/petermein/Workspace/api.boilerplate/vendor/doctrine/persistence/lib/Doctrine/Persistence/Mapping/AbstractClassMetadataFactory.php(306): Doctrine\ORM\Mapping\ClassMetadataFactory->doLoadMetadata()
#4 /home/petermein/Workspace/api.boilerplate/vendor/doctrine/orm/lib/Doctrine/ORM/Mapping/ClassMetadataFactory.php(81): Doctrine\Persistence\Mapping\AbstractClassMetadataFactory->loadMetadata()
#5 /home/petermein/Workspace/api.boilerplate/vendor/doctrine/persistence/lib/Doctrine/Persistence/Mapping/AbstractClassMetadataFactory.php(185): Doctrine\ORM\Mapping\ClassMetadataFactory->loadMetadata()
#6 /home/petermein/Workspace/api.boilerplate/vendor/doctrine/orm/lib/Doctrine/ORM/EntityManager.php(287): Doctrine\Persistence\Mapping\AbstractClassMetadataFactory->getMetadataFor()
#7 /home/petermein/Workspace/api.boilerplate/vendor/doctrine/orm/lib/Doctrine/ORM/Repository/DefaultRepositoryFactory.php(45): Doctrine\ORM\EntityManager->getClassMetadata()
#8 /home/petermein/Workspace/api.boilerplate/vendor/doctrine/orm/lib/Doctrine/ORM/EntityManager.php(738): Doctrine\ORM\Repository\DefaultRepositoryFactory->getRepository()
#9 /home/petermein/Workspace/api.boilerplate/src/Infrastructure/Persistence/PersistenceServiceProvider.php(42): Doctrine\ORM\EntityManager->getRepository()
#10 /home/petermein/Workspace/api.boilerplate/vendor/illuminate/container/Container.php(805): Api\Infrastructure\Persistence\PersistenceServiceProvider->Api\Infrastructure\Persistence\{closure}()
#11 /home/petermein/Workspace/api.boilerplate/vendor/illuminate/container/Container.php(691): Illuminate\Container\Container->build()
#12 /home/petermein/Workspace/api.boilerplate/vendor/illuminate/container/Container.php(637): Illuminate\Container\Container->resolve()
#13 /home/petermein/Workspace/api.boilerplate/vendor/laravel/lumen-framework/src/Application.php(300): Illuminate\Container\Container->make()
#14 /home/petermein/Workspace/api.boilerplate/vendor/illuminate/container/Container.php(959): Laravel\Lumen\Application->make()
#15 /home/petermein/Workspace/api.boilerplate/vendor/illuminate/container/Container.php(879): Illuminate\Container\Container->resolveClass()
#16 /home/petermein/Workspace/api.boilerplate/vendor/illuminate/container/Container.php(840): Illuminate\Container\Container->resolveDependencies()
#17 /home/petermein/Workspace/api.boilerplate/vendor/illuminate/container/Container.php(691): Illuminate\Container\Container->build()
#18 /home/petermein/Workspace/api.boilerplate/vendor/illuminate/container/Container.php(637): Illuminate\Container\Container->resolve()
#19 /home/petermein/Workspace/api.boilerplate/vendor/laravel/lumen-framework/src/Application.php(300): Illuminate\Container\Container->make()
#20 /home/petermein/Workspace/api.boilerplate/src/Infrastructure/Bus/Locators/ApplicationHandlerLocator.php(100): Laravel\Lumen\Application->make()
#21 /home/petermein/Workspace/api.boilerplate/src/Infrastructure/Bus/Locators/ApplicationHandlerLocator.php(58): Api\Infrastructure\Bus\Locators\ApplicationHandlerLocator->retrieveHandler()
#22 /home/petermein/Workspace/api.boilerplate/vendor/symfony/messenger/Middleware/HandleMessageMiddleware.php(56): Api\Infrastructure\Bus\Locators\ApplicationHandlerLocator->getHandlers()
#23 /home/petermein/Workspace/api.boilerplate/src/Infrastructure/Bus/Middleware/ValidationMiddleware.php(89): Symfony\Component\Messenger\Middleware\HandleMessageMiddleware->handle()
#24 /home/petermein/Workspace/api.boilerplate/vendor/symfony/messenger/MessageBus.php(80): Api\Infrastructure\Bus\Middleware\ValidationMiddleware->handle()
#25 /home/petermein/Workspace/api.boilerplate/vendor/symfony/messenger/HandleTrait.php(43): Symfony\Component\Messenger\MessageBus->dispatch()
#26 /home/petermein/Workspace/api.boilerplate/src/Infrastructure/Bus/Buses/QueryBus.php(35): Api\Infrastructure\Bus\Buses\QueryBus->handle()
#27 /home/petermein/Workspace/api.boilerplate/src/Presentation/Api/REST/BaseController.php(31): Api\Infrastructure\Bus\Buses\QueryBus->query()
#28 /home/petermein/Workspace/api.boilerplate/src/Presentation/Api/REST/Example/ExampleController.php(40): Api\Presentation\Api\REST\BaseController->query()
#29 [internal function]: Api\Presentation\Api\REST\Example\ExampleController->getAll()
#30 /home/petermein/Workspace/api.boilerplate/vendor/illuminate/container/BoundMethod.php(37): call_user_func_array()
#31 /home/petermein/Workspace/api.boilerplate/vendor/illuminate/container/Util.php(37): Illuminate\Container\BoundMethod::Illuminate\Container\{closure}()
#32 /home/petermein/Workspace/api.boilerplate/vendor/illuminate/container/BoundMethod.php(95): Illuminate\Container\Util::unwrapIfClosure()
#33 /home/petermein/Workspace/api.boilerplate/vendor/illuminate/container/BoundMethod.php(39): Illuminate\Container\BoundMethod::callBoundMethod()
#34 /home/petermein/Workspace/api.boilerplate/vendor/illuminate/container/Container.php(596): Illuminate\Container\BoundMethod::call()
#35 /home/petermein/Workspace/api.boilerplate/vendor/laravel/lumen-framework/src/Concerns/RoutesRequests.php(386): Illuminate\Container\Container->call()
#36 /home/petermein/Workspace/api.boilerplate/vendor/laravel/lumen-framework/src/Concerns/RoutesRequests.php(329): Laravel\Lumen\Application->callControllerCallable()
#37 /home/petermein/Workspace/api.boilerplate/vendor/laravel/lumen-framework/src/Concerns/RoutesRequests.php(279): Laravel\Lumen\Application->callControllerAction()
#38 /home/petermein/Workspace/api.boilerplate/vendor/laravel/lumen-framework/src/Concerns/RoutesRequests.php(259): Laravel\Lumen\Application->callActionOnArrayBasedRoute()
#39 [internal function]: Laravel\Lumen\Application->Laravel\Lumen\Concerns\{closure}()
#40 /home/petermein/Workspace/api.boilerplate/vendor/laravel/lumen-framework/src/Routing/Pipeline.php(48): call_user_func()
#41 /home/petermein/Workspace/api.boilerplate/vendor/beyondcode/laravel-server-timing/src/Middleware/ServerTimingMiddleware.php(36): Laravel\Lumen\Routing\Pipeline->Laravel\Lumen\Routing\{closure}()
#42 /home/petermein/Workspace/api.boilerplate/vendor/illuminate/pipeline/Pipeline.php(167): BeyondCode\ServerTiming\Middleware\ServerTimingMiddleware->handle()
#43 [internal function]: Illuminate\Pipeline\Pipeline->Illuminate\Pipeline\{closure}()
#44 /home/petermein/Workspace/api.boilerplate/vendor/laravel/lumen-framework/src/Routing/Pipeline.php(30): call_user_func()
#45 /home/petermein/Workspace/api.boilerplate/vendor/illuminate/pipeline/Pipeline.php(103): Laravel\Lumen\Routing\Pipeline->Laravel\Lumen\Routing\{closure}()
#46 /home/petermein/Workspace/api.boilerplate/vendor/laravel/lumen-framework/src/Concerns/RoutesRequests.php(423): Illuminate\Pipeline\Pipeline->then()
#47 /home/petermein/Workspace/api.boilerplate/vendor/laravel/lumen-framework/src/Concerns/RoutesRequests.php(260): Laravel\Lumen\Application->sendThroughPipeline()
#48 /home/petermein/Workspace/api.boilerplate/vendor/laravel/lumen-framework/src/Concerns/RoutesRequests.php(166): Laravel\Lumen\Application->handleFoundRoute()
#49 /home/petermein/Workspace/api.boilerplate/vendor/laravel/lumen-framework/src/Concerns/RoutesRequests.php(426): Laravel\Lumen\Application->Laravel\Lumen\Concerns\{closure}()
#50 /home/petermein/Workspace/api.boilerplate/vendor/laravel/lumen-framework/src/Concerns/RoutesRequests.php(172): Laravel\Lumen\Application->sendThroughPipeline()
#51 /home/petermein/Workspace/api.boilerplate/vendor/laravel/lumen-framework/src/Concerns/RoutesRequests.php(109): Laravel\Lumen\Application->dispatch()
#52 /home/petermein/Workspace/api.boilerplate/public/index.php(28): Laravel\Lumen\Application->run()
#53 {main} {"exception":"[object] (Doctrine\\ORM\\Mapping\\MappingException(code: 0): Class \"Api\\Domain\\Models\\Example\" is not a valid entity or mapped super class. at /home/petermein/Workspace/api.boilerplate/vendor/doctrine/orm/lib/Doctrine/ORM/Mapping/MappingException.php:346)
[stacktrace]
#0 /home/petermein/Workspace/api.boilerplate/vendor/doctrine/orm/lib/Doctrine/ORM/Mapping/Driver/AnnotationDriver.php(94): Doctrine\\ORM\\Mapping\\MappingException::classIsNotAValidEntityOrMappedSuperClass()
#1 /home/petermein/Workspace/api.boilerplate/vendor/doctrine/persistence/lib/Doctrine/Persistence/Mapping/Driver/MappingDriverChain.php(86): Doctrine\\ORM\\Mapping\\Driver\\AnnotationDriver->loadMetadataForClass()
#2 /home/petermein/Workspace/api.boilerplate/vendor/doctrine/orm/lib/Doctrine/ORM/Mapping/ClassMetadataFactory.php(154): Doctrine\\Persistence\\Mapping\\Driver\\MappingDriverChain->loadMetadataForClass()
#3 /home/petermein/Workspace/api.boilerplate/vendor/doctrine/persistence/lib/Doctrine/Persistence/Mapping/AbstractClassMetadataFactory.php(306): Doctrine\\ORM\\Mapping\\ClassMetadataFactory->doLoadMetadata()
#4 /home/petermein/Workspace/api.boilerplate/vendor/doctrine/orm/lib/Doctrine/ORM/Mapping/ClassMetadataFactory.php(81): Doctrine\\Persistence\\Mapping\\AbstractClassMetadataFactory->loadMetadata()
#5 /home/petermein/Workspace/api.boilerplate/vendor/doctrine/persistence/lib/Doctrine/Persistence/Mapping/AbstractClassMetadataFactory.php(185): Doctrine\\ORM\\Mapping\\ClassMetadataFactory->loadMetadata()
#6 /home/petermein/Workspace/api.boilerplate/vendor/doctrine/orm/lib/Doctrine/ORM/EntityManager.php(287): Doctrine\\Persistence\\Mapping\\AbstractClassMetadataFactory->getMetadataFor()
#7 /home/petermein/Workspace/api.boilerplate/vendor/doctrine/orm/lib/Doctrine/ORM/Repository/DefaultRepositoryFactory.php(45): Doctrine\\ORM\\EntityManager->getClassMetadata()
#8 /home/petermein/Workspace/api.boilerplate/vendor/doctrine/orm/lib/Doctrine/ORM/EntityManager.php(738): Doctrine\\ORM\\Repository\\DefaultRepositoryFactory->getRepository()
#9 /home/petermein/Workspace/api.boilerplate/src/Infrastructure/Persistence/PersistenceServiceProvider.php(42): Doctrine\\ORM\\EntityManager->getRepository()
#10 /home/petermein/Workspace/api.boilerplate/vendor/illuminate/container/Container.php(805): Api\\Infrastructure\\Persistence\\PersistenceServiceProvider->Api\\Infrastructure\\Persistence\\{closure}()
#11 /home/petermein/Workspace/api.boilerplate/vendor/illuminate/container/Container.php(691): Illuminate\\Container\\Container->build()
#12 /home/petermein/Workspace/api.boilerplate/vendor/illuminate/container/Container.php(637): Illuminate\\Container\\Container->resolve()
#13 /home/petermein/Workspace/api.boilerplate/vendor/laravel/lumen-framework/src/Application.php(300): Illuminate\\Container\\Container->make()
#14 /home/petermein/Workspace/api.boilerplate/vendor/illuminate/container/Container.php(959): Laravel\\Lumen\\Application->make()
#15 /home/petermein/Workspace/api.boilerplate/vendor/illuminate/container/Container.php(879): Illuminate\\Container\\Container->resolveClass()
#16 /home/petermein/Workspace/api.boilerplate/vendor/illuminate/container/Container.php(840): Illuminate\\Container\\Container->resolveDependencies()
#17 /home/petermein/Workspace/api.boilerplate/vendor/illuminate/container/Container.php(691): Illuminate\\Container\\Container->build()
#18 /home/petermein/Workspace/api.boilerplate/vendor/illuminate/container/Container.php(637): Illuminate\\Container\\Container->resolve()
#19 /home/petermein/Workspace/api.boilerplate/vendor/laravel/lumen-framework/src/Application.php(300): Illuminate\\Container\\Container->make()
#20 /home/petermein/Workspace/api.boilerplate/src/Infrastructure/Bus/Locators/ApplicationHandlerLocator.php(100): Laravel\\Lumen\\Application->make()
#21 /home/petermein/Workspace/api.boilerplate/src/Infrastructure/Bus/Locators/ApplicationHandlerLocator.php(58): Api\\Infrastructure\\Bus\\Locators\\ApplicationHandlerLocator->retrieveHandler()
#22 /home/petermein/Workspace/api.boilerplate/vendor/symfony/messenger/Middleware/HandleMessageMiddleware.php(56): Api\\Infrastructure\\Bus\\Locators\\ApplicationHandlerLocator->getHandlers()
#23 /home/petermein/Workspace/api.boilerplate/src/Infrastructure/Bus/Middleware/ValidationMiddleware.php(89): Symfony\\Component\\Messenger\\Middleware\\HandleMessageMiddleware->handle()
#24 /home/petermein/Workspace/api.boilerplate/vendor/symfony/messenger/MessageBus.php(80): Api\\Infrastructure\\Bus\\Middleware\\ValidationMiddleware->handle()
#25 /home/petermein/Workspace/api.boilerplate/vendor/symfony/messenger/HandleTrait.php(43): Symfony\\Component\\Messenger\\MessageBus->dispatch()
#26 /home/petermein/Workspace/api.boilerplate/src/Infrastructure/Bus/Buses/QueryBus.php(35): Api\\Infrastructure\\Bus\\Buses\\QueryBus->handle()
#27 /home/petermein/Workspace/api.boilerplate/src/Presentation/Api/REST/BaseController.php(31): Api\\Infrastructure\\Bus\\Buses\\QueryBus->query()
#28 /home/petermein/Workspace/api.boilerplate/src/Presentation/Api/REST/Example/ExampleController.php(40): Api\\Presentation\\Api\\REST\\BaseController->query()
#29 [internal function]: Api\\Presentation\\Api\\REST\\Example\\ExampleController->getAll()
#30 /home/petermein/Workspace/api.boilerplate/vendor/illuminate/container/BoundMethod.php(37): call_user_func_array()
#31 /home/petermein/Workspace/api.boilerplate/vendor/illuminate/container/Util.php(37): Illuminate\\Container\\BoundMethod::Illuminate\\Container\\{closure}()
#32 /home/petermein/Workspace/api.boilerplate/vendor/illuminate/container/BoundMethod.php(95): Illuminate\\Container\\Util::unwrapIfClosure()
#33 /home/petermein/Workspace/api.boilerplate/vendor/illuminate/container/BoundMethod.php(39): Illuminate\\Container\\BoundMethod::callBoundMethod()
#34 /home/petermein/Workspace/api.boilerplate/vendor/illuminate/container/Container.php(596): Illuminate\\Container\\BoundMethod::call()
#35 /home/petermein/Workspace/api.boilerplate/vendor/laravel/lumen-framework/src/Concerns/RoutesRequests.php(386): Illuminate\\Container\\Container->call()
#36 /home/petermein/Workspace/api.boilerplate/vendor/laravel/lumen-framework/src/Concerns/RoutesRequests.php(329): Laravel\\Lumen\\Application->callControllerCallable()
#37 /home/petermein/Workspace/api.boilerplate/vendor/laravel/lumen-framework/src/Concerns/RoutesRequests.php(279): Laravel\\Lumen\\Application->callControllerAction()
#38 /home/petermein/Workspace/api.boilerplate/vendor/laravel/lumen-framework/src/Concerns/RoutesRequests.php(259): Laravel\\Lumen\\Application->callActionOnArrayBasedRoute()
#39 [internal function]: Laravel\\Lumen\\Application->Laravel\\Lumen\\Concerns\\{closure}()
#40 /home/petermein/Workspace/api.boilerplate/vendor/laravel/lumen-framework/src/Routing/Pipeline.php(48): call_user_func()
#41 /home/petermein/Workspace/api.boilerplate/vendor/beyondcode/laravel-server-timing/src/Middleware/ServerTimingMiddleware.php(36): Laravel\\Lumen\\Routing\\Pipeline->Laravel\\Lumen\\Routing\\{closure}()
#42 /home/petermein/Workspace/api.boilerplate/vendor/illuminate/pipeline/Pipeline.php(167): BeyondCode\\ServerTiming\\Middleware\\ServerTimingMiddleware->handle()
#43 [internal function]: Illuminate\\Pipeline\\Pipeline->Illuminate\\Pipeline\\{closure}()
#44 /home/petermein/Workspace/api.boilerplate/vendor/laravel/lumen-framework/src/Routing/Pipeline.php(30): call_user_func()
#45 /home/petermein/Workspace/api.boilerplate/vendor/illuminate/pipeline/Pipeline.php(103): Laravel\\Lumen\\Routing\\Pipeline->Laravel\\Lumen\\Routing\\{closure}()
#46 /home/petermein/Workspace/api.boilerplate/vendor/laravel/lumen-framework/src/Concerns/RoutesRequests.php(423): Illuminate\\Pipeline\\Pipeline->then()
#47 /home/petermein/Workspace/api.boilerplate/vendor/laravel/lumen-framework/src/Concerns/RoutesRequests.php(260): Laravel\\Lumen\\Application->sendThroughPipeline()
#48 /home/petermein/Workspace/api.boilerplate/vendor/laravel/lumen-framework/src/Concerns/RoutesRequests.php(166): Laravel\\Lumen\\Application->handleFoundRoute()
#49 /home/petermein/Workspace/api.boilerplate/vendor/laravel/lumen-framework/src/Concerns/RoutesRequests.php(426): Laravel\\Lumen\\Application->Laravel\\Lumen\\Concerns\\{closure}()
#50 /home/petermein/Workspace/api.boilerplate/vendor/laravel/lumen-framework/src/Concerns/RoutesRequests.php(172): Laravel\\Lumen\\Application->sendThroughPipeline()
#51 /home/petermein/Workspace/api.boilerplate/vendor/laravel/lumen-framework/src/Concerns/RoutesRequests.php(109): Laravel\\Lumen\\Application->dispatch()
#52 /home/petermein/Workspace/api.boilerplate/public/index.php(28): Laravel\\Lumen\\Application->run()
#53 {main}
"} 
[2020-08-21 21:46:32] production.INFO: Validating message {class} with {validator} {"message":{"Api\\Application\\Example\\Queries\\GetAllQuery\\GetAllExamplesQuery":{"id":1,"idPrefixed":"prefix_1"}},"class":"Api\\Application\\Example\\Queries\\GetAllQuery\\GetAllExamplesQuery","validator":"Api\\Application\\Example\\Queries\\GetAllQuery\\GetAllExamplesQueryValidator"} 
[2020-08-21 21:46:32] production.INFO: Validating message {class} with {validator} {"message":{"Api\\Application\\Example\\Queries\\GetAllQuery\\GetAllExamplesQuery":{"id":1,"idPrefixed":"prefix_1"}},"class":"Api\\Application\\Example\\Queries\\GetAllQuery\\GetAllExamplesQuery","validator":"Api\\Application\\Example\\Queries\\GetAllQuery\\GetAllExamplesQueryValidatorBound"} 
[2020-08-21 21:46:32] production.ERROR: Doctrine\ORM\Mapping\MappingException: Class "Api\Domain\Models\Example" is not a valid entity or mapped super class. in /home/petermein/Workspace/api.boilerplate/vendor/doctrine/orm/lib/Doctrine/ORM/Mapping/MappingException.php:346
Stack trace:
#0 /home/petermein/Workspace/api.boilerplate/vendor/doctrine/orm/lib/Doctrine/ORM/Mapping/Driver/AnnotationDriver.php(94): Doctrine\ORM\Mapping\MappingException::classIsNotAValidEntityOrMappedSuperClass()
#1 /home/petermein/Workspace/api.boilerplate/vendor/doctrine/persistence/lib/Doctrine/Persistence/Mapping/Driver/MappingDriverChain.php(86): Doctrine\ORM\Mapping\Driver\AnnotationDriver->loadMetadataForClass()
#2 /home/petermein/Workspace/api.boilerplate/vendor/doctrine/orm/lib/Doctrine/ORM/Mapping/ClassMetadataFactory.php(154): Doctrine\Persistence\Mapping\Driver\MappingDriverChain->loadMetadataForClass()
#3 /home/petermein/Workspace/api.boilerplate/vendor/doctrine/persistence/lib/Doctrine/Persistence/Mapping/AbstractClassMetadataFactory.php(306): Doctrine\ORM\Mapping\ClassMetadataFactory->doLoadMetadata()
#4 /home/petermein/Workspace/api.boilerplate/vendor/doctrine/orm/lib/Doctrine/ORM/Mapping/ClassMetadataFactory.php(81): Doctrine\Persistence\Mapping\AbstractClassMetadataFactory->loadMetadata()
#5 /home/petermein/Workspace/api.boilerplate/vendor/doctrine/persistence/lib/Doctrine/Persistence/Mapping/AbstractClassMetadataFactory.php(185): Doctrine\ORM\Mapping\ClassMetadataFactory->loadMetadata()
#6 /home/petermein/Workspace/api.boilerplate/vendor/doctrine/orm/lib/Doctrine/ORM/EntityManager.php(287): Doctrine\Persistence\Mapping\AbstractClassMetadataFactory->getMetadataFor()
#7 /home/petermein/Workspace/api.boilerplate/vendor/doctrine/orm/lib/Doctrine/ORM/Repository/DefaultRepositoryFactory.php(45): Doctrine\ORM\EntityManager->getClassMetadata()
#8 /home/petermein/Workspace/api.boilerplate/vendor/doctrine/orm/lib/Doctrine/ORM/EntityManager.php(738): Doctrine\ORM\Repository\DefaultRepositoryFactory->getRepository()
#9 /home/petermein/Workspace/api.boilerplate/src/Infrastructure/Persistence/PersistenceServiceProvider.php(42): Doctrine\ORM\EntityManager->getRepository()
#10 /home/petermein/Workspace/api.boilerplate/vendor/illuminate/container/Container.php(805): Api\Infrastructure\Persistence\PersistenceServiceProvider->Api\Infrastructure\Persistence\{closure}()
#11 /home/petermein/Workspace/api.boilerplate/vendor/illuminate/container/Container.php(691): Illuminate\Container\Container->build()
#12 /home/petermein/Workspace/api.boilerplate/vendor/illuminate/container/Container.php(637): Illuminate\Container\Container->resolve()
#13 /home/petermein/Workspace/api.boilerplate/vendor/laravel/lumen-framework/src/Application.php(300): Illuminate\Container\Container->make()
#14 /home/petermein/Workspace/api.boilerplate/vendor/illuminate/container/Container.php(959): Laravel\Lumen\Application->make()
#15 /home/petermein/Workspace/api.boilerplate/vendor/illuminate/container/Container.php(879): Illuminate\Container\Container->resolveClass()
#16 /home/petermein/Workspace/api.boilerplate/vendor/illuminate/container/Container.php(840): Illuminate\Container\Container->resolveDependencies()
#17 /home/petermein/Workspace/api.boilerplate/vendor/illuminate/container/Container.php(691): Illuminate\Container\Container->build()
#18 /home/petermein/Workspace/api.boilerplate/vendor/illuminate/container/Container.php(637): Illuminate\Container\Container->resolve()
#19 /home/petermein/Workspace/api.boilerplate/vendor/laravel/lumen-framework/src/Application.php(300): Illuminate\Container\Container->make()
#20 /home/petermein/Workspace/api.boilerplate/src/Infrastructure/Bus/Locators/ApplicationHandlerLocator.php(100): Laravel\Lumen\Application->make()
#21 /home/petermein/Workspace/api.boilerplate/src/Infrastructure/Bus/Locators/ApplicationHandlerLocator.php(58): Api\Infrastructure\Bus\Locators\ApplicationHandlerLocator->retrieveHandler()
#22 /home/petermein/Workspace/api.boilerplate/vendor/symfony/messenger/Middleware/HandleMessageMiddleware.php(56): Api\Infrastructure\Bus\Locators\ApplicationHandlerLocator->getHandlers()
#23 /home/petermein/Workspace/api.boilerplate/src/Infrastructure/Bus/Middleware/ValidationMiddleware.php(89): Symfony\Component\Messenger\Middleware\HandleMessageMiddleware->handle()
#24 /home/petermein/Workspace/api.boilerplate/vendor/symfony/messenger/MessageBus.php(80): Api\Infrastructure\Bus\Middleware\ValidationMiddleware->handle()
#25 /home/petermein/Workspace/api.boilerplate/vendor/symfony/messenger/HandleTrait.php(43): Symfony\Component\Messenger\MessageBus->dispatch()
#26 /home/petermein/Workspace/api.boilerplate/src/Infrastructure/Bus/Buses/QueryBus.php(35): Api\Infrastructure\Bus\Buses\QueryBus->handle()
#27 /home/petermein/Workspace/api.boilerplate/src/Presentation/Api/REST/BaseController.php(31): Api\Infrastructure\Bus\Buses\QueryBus->query()
#28 /home/petermein/Workspace/api.boilerplate/src/Presentation/Api/REST/Example/ExampleController.php(40): Api\Presentation\Api\REST\BaseController->query()
#29 [internal function]: Api\Presentation\Api\REST\Example\ExampleController->getAll()
#30 /home/petermein/Workspace/api.boilerplate/vendor/illuminate/container/BoundMethod.php(37): call_user_func_array()
#31 /home/petermein/Workspace/api.boilerplate/vendor/illuminate/container/Util.php(37): Illuminate\Container\BoundMethod::Illuminate\Container\{closure}()
#32 /home/petermein/Workspace/api.boilerplate/vendor/illuminate/container/BoundMethod.php(95): Illuminate\Container\Util::unwrapIfClosure()
#33 /home/petermein/Workspace/api.boilerplate/vendor/illuminate/container/BoundMethod.php(39): Illuminate\Container\BoundMethod::callBoundMethod()
#34 /home/petermein/Workspace/api.boilerplate/vendor/illuminate/container/Container.php(596): Illuminate\Container\BoundMethod::call()
#35 /home/petermein/Workspace/api.boilerplate/vendor/laravel/lumen-framework/src/Concerns/RoutesRequests.php(386): Illuminate\Container\Container->call()
#36 /home/petermein/Workspace/api.boilerplate/vendor/laravel/lumen-framework/src/Concerns/RoutesRequests.php(329): Laravel\Lumen\Application->callControllerCallable()
#37 /home/petermein/Workspace/api.boilerplate/vendor/laravel/lumen-framework/src/Concerns/RoutesRequests.php(279): Laravel\Lumen\Application->callControllerAction()
#38 /home/petermein/Workspace/api.boilerplate/vendor/laravel/lumen-framework/src/Concerns/RoutesRequests.php(259): Laravel\Lumen\Application->callActionOnArrayBasedRoute()
#39 [internal function]: Laravel\Lumen\Application->Laravel\Lumen\Concerns\{closure}()
#40 /home/petermein/Workspace/api.boilerplate/vendor/laravel/lumen-framework/src/Routing/Pipeline.php(48): call_user_func()
#41 /home/petermein/Workspace/api.boilerplate/vendor/beyondcode/laravel-server-timing/src/Middleware/ServerTimingMiddleware.php(36): Laravel\Lumen\Routing\Pipeline->Laravel\Lumen\Routing\{closure}()
#42 /home/petermein/Workspace/api.boilerplate/vendor/illuminate/pipeline/Pipeline.php(167): BeyondCode\ServerTiming\Middleware\ServerTimingMiddleware->handle()
#43 [internal function]: Illuminate\Pipeline\Pipeline->Illuminate\Pipeline\{closure}()
#44 /home/petermein/Workspace/api.boilerplate/vendor/laravel/lumen-framework/src/Routing/Pipeline.php(30): call_user_func()
#45 /home/petermein/Workspace/api.boilerplate/vendor/illuminate/pipeline/Pipeline.php(103): Laravel\Lumen\Routing\Pipeline->Laravel\Lumen\Routing\{closure}()
#46 /home/petermein/Workspace/api.boilerplate/vendor/laravel/lumen-framework/src/Concerns/RoutesRequests.php(423): Illuminate\Pipeline\Pipeline->then()
#47 /home/petermein/Workspace/api.boilerplate/vendor/laravel/lumen-framework/src/Concerns/RoutesRequests.php(260): Laravel\Lumen\Application->sendThroughPipeline()
#48 /home/petermein/Workspace/api.boilerplate/vendor/laravel/lumen-framework/src/Concerns/RoutesRequests.php(166): Laravel\Lumen\Application->handleFoundRoute()
#49 /home/petermein/Workspace/api.boilerplate/vendor/laravel/lumen-framework/src/Concerns/RoutesRequests.php(426): Laravel\Lumen\Application->Laravel\Lumen\Concerns\{closure}()
#50 /home/petermein/Workspace/api.boilerplate/vendor/laravel/lumen-framework/src/Concerns/RoutesRequests.php(172): Laravel\Lumen\Application->sendThroughPipeline()
#51 /home/petermein/Workspace/api.boilerplate/vendor/laravel/lumen-framework/src/Concerns/RoutesRequests.php(109): Laravel\Lumen\Application->dispatch()
#52 /home/petermein/Workspace/api.boilerplate/public/index.php(28): Laravel\Lumen\Application->run()
#53 {main} {"exception":"[object] (Doctrine\\ORM\\Mapping\\MappingException(code: 0): Class \"Api\\Domain\\Models\\Example\" is not a valid entity or mapped super class. at /home/petermein/Workspace/api.boilerplate/vendor/doctrine/orm/lib/Doctrine/ORM/Mapping/MappingException.php:346)
[stacktrace]
#0 /home/petermein/Workspace/api.boilerplate/vendor/doctrine/orm/lib/Doctrine/ORM/Mapping/Driver/AnnotationDriver.php(94): Doctrine\\ORM\\Mapping\\MappingException::classIsNotAValidEntityOrMappedSuperClass()
#1 /home/petermein/Workspace/api.boilerplate/vendor/doctrine/persistence/lib/Doctrine/Persistence/Mapping/Driver/MappingDriverChain.php(86): Doctrine\\ORM\\Mapping\\Driver\\AnnotationDriver->loadMetadataForClass()
#2 /home/petermein/Workspace/api.boilerplate/vendor/doctrine/orm/lib/Doctrine/ORM/Mapping/ClassMetadataFactory.php(154): Doctrine\\Persistence\\Mapping\\Driver\\MappingDriverChain->loadMetadataForClass()
#3 /home/petermein/Workspace/api.boilerplate/vendor/doctrine/persistence/lib/Doctrine/Persistence/Mapping/AbstractClassMetadataFactory.php(306): Doctrine\\ORM\\Mapping\\ClassMetadataFactory->doLoadMetadata()
#4 /home/petermein/Workspace/api.boilerplate/vendor/doctrine/orm/lib/Doctrine/ORM/Mapping/ClassMetadataFactory.php(81): Doctrine\\Persistence\\Mapping\\AbstractClassMetadataFactory->loadMetadata()
#5 /home/petermein/Workspace/api.boilerplate/vendor/doctrine/persistence/lib/Doctrine/Persistence/Mapping/AbstractClassMetadataFactory.php(185): Doctrine\\ORM\\Mapping\\ClassMetadataFactory->loadMetadata()
#6 /home/petermein/Workspace/api.boilerplate/vendor/doctrine/orm/lib/Doctrine/ORM/EntityManager.php(287): Doctrine\\Persistence\\Mapping\\AbstractClassMetadataFactory->getMetadataFor()
#7 /home/petermein/Workspace/api.boilerplate/vendor/doctrine/orm/lib/Doctrine/ORM/Repository/DefaultRepositoryFactory.php(45): Doctrine\\ORM\\EntityManager->getClassMetadata()
#8 /home/petermein/Workspace/api.boilerplate/vendor/doctrine/orm/lib/Doctrine/ORM/EntityManager.php(738): Doctrine\\ORM\\Repository\\DefaultRepositoryFactory->getRepository()
#9 /home/petermein/Workspace/api.boilerplate/src/Infrastructure/Persistence/PersistenceServiceProvider.php(42): Doctrine\\ORM\\EntityManager->getRepository()
#10 /home/petermein/Workspace/api.boilerplate/vendor/illuminate/container/Container.php(805): Api\\Infrastructure\\Persistence\\PersistenceServiceProvider->Api\\Infrastructure\\Persistence\\{closure}()
#11 /home/petermein/Workspace/api.boilerplate/vendor/illuminate/container/Container.php(691): Illuminate\\Container\\Container->build()
#12 /home/petermein/Workspace/api.boilerplate/vendor/illuminate/container/Container.php(637): Illuminate\\Container\\Container->resolve()
#13 /home/petermein/Workspace/api.boilerplate/vendor/laravel/lumen-framework/src/Application.php(300): Illuminate\\Container\\Container->make()
#14 /home/petermein/Workspace/api.boilerplate/vendor/illuminate/container/Container.php(959): Laravel\\Lumen\\Application->make()
#15 /home/petermein/Workspace/api.boilerplate/vendor/illuminate/container/Container.php(879): Illuminate\\Container\\Container->resolveClass()
#16 /home/petermein/Workspace/api.boilerplate/vendor/illuminate/container/Container.php(840): Illuminate\\Container\\Container->resolveDependencies()
#17 /home/petermein/Workspace/api.boilerplate/vendor/illuminate/container/Container.php(691): Illuminate\\Container\\Container->build()
#18 /home/petermein/Workspace/api.boilerplate/vendor/illuminate/container/Container.php(637): Illuminate\\Container\\Container->resolve()
#19 /home/petermein/Workspace/api.boilerplate/vendor/laravel/lumen-framework/src/Application.php(300): Illuminate\\Container\\Container->make()
#20 /home/petermein/Workspace/api.boilerplate/src/Infrastructure/Bus/Locators/ApplicationHandlerLocator.php(100): Laravel\\Lumen\\Application->make()
#21 /home/petermein/Workspace/api.boilerplate/src/Infrastructure/Bus/Locators/ApplicationHandlerLocator.php(58): Api\\Infrastructure\\Bus\\Locators\\ApplicationHandlerLocator->retrieveHandler()
#22 /home/petermein/Workspace/api.boilerplate/vendor/symfony/messenger/Middleware/HandleMessageMiddleware.php(56): Api\\Infrastructure\\Bus\\Locators\\ApplicationHandlerLocator->getHandlers()
#23 /home/petermein/Workspace/api.boilerplate/src/Infrastructure/Bus/Middleware/ValidationMiddleware.php(89): Symfony\\Component\\Messenger\\Middleware\\HandleMessageMiddleware->handle()
#24 /home/petermein/Workspace/api.boilerplate/vendor/symfony/messenger/MessageBus.php(80): Api\\Infrastructure\\Bus\\Middleware\\ValidationMiddleware->handle()
#25 /home/petermein/Workspace/api.boilerplate/vendor/symfony/messenger/HandleTrait.php(43): Symfony\\Component\\Messenger\\MessageBus->dispatch()
#26 /home/petermein/Workspace/api.boilerplate/src/Infrastructure/Bus/Buses/QueryBus.php(35): Api\\Infrastructure\\Bus\\Buses\\QueryBus->handle()
#27 /home/petermein/Workspace/api.boilerplate/src/Presentation/Api/REST/BaseController.php(31): Api\\Infrastructure\\Bus\\Buses\\QueryBus->query()
#28 /home/petermein/Workspace/api.boilerplate/src/Presentation/Api/REST/Example/ExampleController.php(40): Api\\Presentation\\Api\\REST\\BaseController->query()
#29 [internal function]: Api\\Presentation\\Api\\REST\\Example\\ExampleController->getAll()
#30 /home/petermein/Workspace/api.boilerplate/vendor/illuminate/container/BoundMethod.php(37): call_user_func_array()
#31 /home/petermein/Workspace/api.boilerplate/vendor/illuminate/container/Util.php(37): Illuminate\\Container\\BoundMethod::Illuminate\\Container\\{closure}()
#32 /home/petermein/Workspace/api.boilerplate/vendor/illuminate/container/BoundMethod.php(95): Illuminate\\Container\\Util::unwrapIfClosure()
#33 /home/petermein/Workspace/api.boilerplate/vendor/illuminate/container/BoundMethod.php(39): Illuminate\\Container\\BoundMethod::callBoundMethod()
#34 /home/petermein/Workspace/api.boilerplate/vendor/illuminate/container/Container.php(596): Illuminate\\Container\\BoundMethod::call()
#35 /home/petermein/Workspace/api.boilerplate/vendor/laravel/lumen-framework/src/Concerns/RoutesRequests.php(386): Illuminate\\Container\\Container->call()
#36 /home/petermein/Workspace/api.boilerplate/vendor/laravel/lumen-framework/src/Concerns/RoutesRequests.php(329): Laravel\\Lumen\\Application->callControllerCallable()
#37 /home/petermein/Workspace/api.boilerplate/vendor/laravel/lumen-framework/src/Concerns/RoutesRequests.php(279): Laravel\\Lumen\\Application->callControllerAction()
#38 /home/petermein/Workspace/api.boilerplate/vendor/laravel/lumen-framework/src/Concerns/RoutesRequests.php(259): Laravel\\Lumen\\Application->callActionOnArrayBasedRoute()
#39 [internal function]: Laravel\\Lumen\\Application->Laravel\\Lumen\\Concerns\\{closure}()
#40 /home/petermein/Workspace/api.boilerplate/vendor/laravel/lumen-framework/src/Routing/Pipeline.php(48): call_user_func()
#41 /home/petermein/Workspace/api.boilerplate/vendor/beyondcode/laravel-server-timing/src/Middleware/ServerTimingMiddleware.php(36): Laravel\\Lumen\\Routing\\Pipeline->Laravel\\Lumen\\Routing\\{closure}()
#42 /home/petermein/Workspace/api.boilerplate/vendor/illuminate/pipeline/Pipeline.php(167): BeyondCode\\ServerTiming\\Middleware\\ServerTimingMiddleware->handle()
#43 [internal function]: Illuminate\\Pipeline\\Pipeline->Illuminate\\Pipeline\\{closure}()
#44 /home/petermein/Workspace/api.boilerplate/vendor/laravel/lumen-framework/src/Routing/Pipeline.php(30): call_user_func()
#45 /home/petermein/Workspace/api.boilerplate/vendor/illuminate/pipeline/Pipeline.php(103): Laravel\\Lumen\\Routing\\Pipeline->Laravel\\Lumen\\Routing\\{closure}()
#46 /home/petermein/Workspace/api.boilerplate/vendor/laravel/lumen-framework/src/Concerns/RoutesRequests.php(423): Illuminate\\Pipeline\\Pipeline->then()
#47 /home/petermein/Workspace/api.boilerplate/vendor/laravel/lumen-framework/src/Concerns/RoutesRequests.php(260): Laravel\\Lumen\\Application->sendThroughPipeline()
#48 /home/petermein/Workspace/api.boilerplate/vendor/laravel/lumen-framework/src/Concerns/RoutesRequests.php(166): Laravel\\Lumen\\Application->handleFoundRoute()
#49 /home/petermein/Workspace/api.boilerplate/vendor/laravel/lumen-framework/src/Concerns/RoutesRequests.php(426): Laravel\\Lumen\\Application->Laravel\\Lumen\\Concerns\\{closure}()
#50 /home/petermein/Workspace/api.boilerplate/vendor/laravel/lumen-framework/src/Concerns/RoutesRequests.php(172): Laravel\\Lumen\\Application->sendThroughPipeline()
#51 /home/petermein/Workspace/api.boilerplate/vendor/laravel/lumen-framework/src/Concerns/RoutesRequests.php(109): Laravel\\Lumen\\Application->dispatch()
#52 /home/petermein/Workspace/api.boilerplate/public/index.php(28): Laravel\\Lumen\\Application->run()
#53 {main}
"} 
